<?xml version="1.0" encoding="UTF-8"?>
<testsuite xmlns:xsi="http://www.w3.org/2001/XMLSchema-instance" xsi:noNamespaceSchemaLocation="https://maven.apache.org/surefire/maven-failsafe-plugin/xsd/failsafe-test-report-3.0.xsd" version="3.0" name="Login Depo Web" time="84.257" tests="4" errors="0" skipped="0" failures="2">
  <properties>
[...]
</properties>
  <testcase name="Verify valid login for Depo web" classname="Login Depo Web" time="24.105">
    <failure message="User is not logged In!" type="java.lang.AssertionError"><![CDATA[java.lang.AssertionError: User is not logged In!
]]></failure>
    <system-out><![CDATA[00:38:22.504 [main] WARN  i.c.junit.CucumberSerenityRunner - By default Cucumber is running in --non-strict mode.
This default will change to --strict and --non-strict will be removed.
You can use --strict or @CucumberOptions(strict = true) to suppress this warning

Feature from file:///C:/Users/Ramana.Sadaneni/OneDrive%20-%20Royal%20Mail%20Group%20Ltd/Desktop/New%20folder%20(2)/Automation%20Framework/src/test/resources/features/search/Login.feature
00:38:23.615 [pool-1-thread-1] INFO   - 

-------------------------------------------------------------------------------------
     _______. _______ .______       _______ .__   __.  __  .___________.____    ____ 
    /       ||   ____||   _  \     |   ____||  \ |  | |  | |           |\   \  /   / 
   |   (----`|  |__   |  |_)  |    |  |__   |   \|  | |  | `---|  |----` \   \/   /  
    \   \    |   __|  |      /     |   __|  |  . `  | |  |     |  |       \_    _/   
.----)   |   |  |____ |  |\  \----.|  |____ |  |\   | |  |     |  |         |  |     
|_______/    |_______|| _| `._____||_______||__| \__| |__|     |__|         |__|    
                                                                                     
 News and tutorials at http://www.serenity-bdd.info                                  
 Documentation at https://wakaleo.gitbooks.io/the-serenity-book/content/             
 Join the Serenity Community on Gitter: https://gitter.im/serenity-bdd/serenity-core 
 Serenity BDD Support and Training at http://serenity-bdd.info/#/trainingandsupport  
-------------------------------------------------------------------------------------


00:38:23.620 [pool-1-thread-1] INFO   - Test Suite Started: Login Depo Web

00:38:48.703 [pool-1-thread-1] ERROR  - 
           __  _____ _____ ____ _____   _____ _    ___ _     _____ ____  
  _       / / |_   _| ____/ ___|_   _| |  ___/ \  |_ _| |   | ____|  _ \ 
 (_)_____| |    | | |  _| \___ \ | |   | |_ / _ \  | || |   |  _| | | | |
  _|_____| |    | | | |___ ___) || |   |  _/ ___ \ | || |___| |___| |_| |
 (_)     | |    |_| |_____|____/ |_|   |_|/_/   \_\___|_____|_____|____/ 
          \_\                                                            

Verify valid login for Depo web
--------------------------------------------------------------------------

00:38:48.835 [pool-1-thread-1] ERROR  -     Test failed at step: The user should be logged in

00:38:48.835 [pool-1-thread-1] ERROR  -     User is not logged In!


&amp#27;[31mFailed scenarios:&amp#27;[0m
&amp#27;[31mfile:///C:/Users/Ramana.Sadaneni/OneDrive%20-%20Royal%20Mail%20Group%20Ltd/Desktop/New%20folder%20(2)/Automation%20Framework/src/test/resources/features/search/Login.feature:12&amp#27;[0m
# Verify valid login for Depo web
&amp#27;[31mfile:///C:/Users/Ramana.Sadaneni/OneDrive%20-%20Royal%20Mail%20Group%20Ltd/Desktop/New%20folder%20(2)/Automation%20Framework/src/test/resources/features/search/Login.feature:46&amp#27;[0m
# Verify user with invalid username and paswword tries to login is not able to login

4
 Scenarios (
&amp#27;[31m2 failed&amp#27;[0m
, 
&amp#27;[32m2 passed&amp#27;[0m
)
16
 Steps (
&amp#27;[31m2 failed&amp#27;[0m
, 
&amp#27;[32m14 passed&amp#27;[0m
)
1m
25.513s


java.lang.AssertionError: User is not logged In!
	at org.junit.Assert.fail(Assert.java:88)
	at org.junit.Assert.assertTrue(Assert.java:41)
	at starter.navigation.DepoHomePage.userShouldBeLoggedIn(DepoHomePage.java:30)
	at starter.search.DepoHomeStep.theUserShouldBeLoggedIn(DepoHomeStep.java:26)
	at starter.search.DepoHomeStep$ByteBuddy$ADTlectX.theUserShouldBeLoggedIn$accessor$4jng1BMY(Unknown Source)
	at sun.reflect.NativeMethodAccessorImpl.invoke0(Native Method)
	at sun.reflect.NativeMethodAccessorImpl.invoke(NativeMethodAccessorImpl.java:62)
	at sun.reflect.DelegatingMethodAccessorImpl.invoke(DelegatingMethodAccessorImpl.java:43)
	at java.lang.reflect.Method.invoke(Method.java:498)
	at net.thucydides.core.steps.StepInterceptor.invokeMethod(StepInterceptor.java:488)
	at net.thucydides.core.steps.StepInterceptor.executeTestStepMethod(StepInterceptor.java:468)
	at net.thucydides.core.steps.StepInterceptor.runTestStep(StepInterceptor.java:441)
	at net.thucydides.core.steps.StepInterceptor.runOrSkipMethod(StepInterceptor.java:197)
	at net.thucydides.core.steps.StepInterceptor.testStepResult(StepInterceptor.java:184)
	at net.thucydides.core.steps.StepInterceptor.intercept(StepInterceptor.java:77)
	at net.thucydides.core.steps.ProxyConfiguration$InterceptorDispatcher.intercept(ProxyConfiguration.java:51)
	at starter.search.DepoHomeStep$ByteBuddy$ADTlectX.theUserShouldBeLoggedIn(Unknown Source)
	at starter.stepdefinitions.HomePageStepDefinitions.user_should_be_logged_in(HomePageStepDefinitions.java:31)
	at ✽.user should be logged in(file:///C:/Users/Ramana.Sadaneni/OneDrive%20-%20Royal%20Mail%20Group%20Ltd/Desktop/New%20folder%20(2)/Automation%20Framework/src/test/resources/features/search/Login.feature:8)

org.junit.ComparisonFailure: expected:<[Invalid username or password. Please try again]> but was:<[An unknown error has occurred]>
	at org.junit.Assert.assertEquals(Assert.java:115)
	at org.junit.Assert.assertEquals(Assert.java:144)
	at starter.navigation.LoginPage.validateErrorMessageForInvalidUserNameAndPwd(LoginPage.java:42)
	at starter.search.LoginStep.userShouldSeeTheErrorMessage(LoginStep.java:19)
	at starter.search.LoginStep$ByteBuddy$P6KQydql.userShouldSeeTheErrorMessage$accessor$Gk4pjBsF(Unknown Source)
	at sun.reflect.NativeMethodAccessorImpl.invoke0(Native Method)
	at sun.reflect.NativeMethodAccessorImpl.invoke(NativeMethodAccessorImpl.java:62)
	at sun.reflect.DelegatingMethodAccessorImpl.invoke(DelegatingMethodAccessorImpl.java:43)
	at java.lang.reflect.Method.invoke(Method.java:498)
	at net.thucydides.core.steps.StepInterceptor.invokeMethod(StepInterceptor.java:488)
	at net.thucydides.core.steps.StepInterceptor.executeTestStepMethod(StepInterceptor.java:468)
	at net.thucydides.core.steps.StepInterceptor.runTestStep(StepInterceptor.java:441)
	at net.thucydides.core.steps.StepInterceptor.runOrSkipMethod(StepInterceptor.java:197)
	at net.thucydides.core.steps.StepInterceptor.testStepResult(StepInterceptor.java:184)
	at net.thucydides.core.steps.StepInterceptor.intercept(StepInterceptor.java:77)
	at net.thucydides.core.steps.ProxyConfiguration$InterceptorDispatcher.intercept(ProxyConfiguration.java:51)
	at starter.search.LoginStep$ByteBuddy$P6KQydql.userShouldSeeTheErrorMessage(Unknown Source)
	at starter.stepdefinitions.LoginStepDefinitions.theUserShouldNotBeLoggedIn(LoginStepDefinitions.java:27)
	at ✽.user should not be logged in(file:///C:/Users/Ramana.Sadaneni/OneDrive%20-%20Royal%20Mail%20Group%20Ltd/Desktop/New%20folder%20(2)/Automation%20Framework/src/test/resources/features/search/Login.feature:42)



@ValidLoginLogin
Scenario Outline: Verify valid login for Depo web               &amp#27;[90m# src/test/resources/features/search/Login.feature:12&amp#27;[0m
Feature from file:///C:/Users/Ramana.Sadaneni/OneDrive%20-%20Royal%20Mail%20Group%20Ltd/Desktop/New%20folder%20(2)/Automation%20Framework/src/test/resources/features/search/Login.feature
00:38:24.052 [pool-1-thread-1] INFO   - 
 _____ _____ ____ _____   ____ _____  _    ____ _____ _____ ____  
|_   _| ____/ ___|_   _| / ___|_   _|/ \  |  _ \_   _| ____|  _ \ 
  | | |  _| \___ \ | |   \___ \ | | / _ \ | |_) || | |  _| | | | |
  | | | |___ ___) || |    ___) || |/ ___ \|  _ < | | | |___| |_| |
  |_| |_____|____/ |_|   |____/ |_/_/   \_\_| \_\|_| |_____|____/ 

Verify valid login for Depo web(login-depo-web;verify-valid-login-for-depo-web)
-------------------------------------------------------------------
00:38:25.348 [pool-1-thread-1] INFO  n.s.c.w.d.ProvideNewDriver - Instantiating driver
00:38:25.350 [pool-1-thread-1] INFO  n.s.c.w.d.ProvideNewDriver - Driver capabilities: Capabilities {acceptInsecureCerts: false, browserName: chrome, chrome.switches: --start-maximized;--test-ty..., goog:chromeOptions: {args: [--start-maximized, --test-type, --no-sandbox, --ignore-certificate-errors;\n, --disable-popup-blocking, --disable-default-apps, --disable-extensions-file-a..., --incognito, --disable-infobars, --disable-gpu], extensions: []}, loggingPrefs: org.openqa.selenium.logging..., platform: ANY, version: }
  &amp#27;[32mGiven &amp#27;[0m&amp#27;[32mthe user launches Depo website&amp#27;[0m                          &amp#27;[90m# starter.stepdefinitions.HomePageStepDefinitions.userLaunchesDepoWebsite()&amp#27;[0m
  &amp#27;[32mWhen &amp#27;[0m&amp#27;[32mthe user clicks on login from home page&amp#27;[0m                  &amp#27;[90m# starter.stepdefinitions.HomePageStepDefinitions.theUserClicksOnLoginFromHomePage()&amp#27;[0m
  &amp#27;[32mWhen &amp#27;[0m&amp#27;[32muser enters with "&amp#27;[0m&amp#27;[32m&amp#27;[1mRamana.qa7@gmail.com&amp#27;[0m&amp#27;[32m" and "&amp#27;[0m&amp#27;[32m&amp#27;[1mLondon#242&amp#27;[0m&amp#27;[32m"&amp#27;[0m &amp#27;[90m# starter.stepdefinitions.LoginStepDefinitions.user_enters_with_and(java.lang.String,java.lang.String)&amp#27;[0m
  &amp#27;[31mThen &amp#27;[0m&amp#27;[31muser should be logged in&amp#27;[0m                                 &amp#27;[90m# starter.stepdefinitions.HomePageStepDefinitions.user_should_be_logged_in()&amp#27;[0m
      &amp#27;[31mjava.lang.AssertionError: User is not logged In!
	at org.junit.Assert.fail(Assert.java:88)
	at org.junit.Assert.assertTrue(Assert.java:41)
	at starter.navigation.DepoHomePage.userShouldBeLoggedIn(DepoHomePage.java:30)
	at starter.search.DepoHomeStep.theUserShouldBeLoggedIn(DepoHomeStep.java:26)
	at starter.search.DepoHomeStep$ByteBuddy$ADTlectX.theUserShouldBeLoggedIn$accessor$4jng1BMY(Unknown Source)
	at sun.reflect.NativeMethodAccessorImpl.invoke0(Native Method)
	at sun.reflect.NativeMethodAccessorImpl.invoke(NativeMethodAccessorImpl.java:62)
	at sun.reflect.DelegatingMethodAccessorImpl.invoke(DelegatingMethodAccessorImpl.java:43)
	at java.lang.reflect.Method.invoke(Method.java:498)
	at net.thucydides.core.steps.StepInterceptor.invokeMethod(StepInterceptor.java:488)
	at net.thucydides.core.steps.StepInterceptor.executeTestStepMethod(StepInterceptor.java:468)
	at net.thucydides.core.steps.StepInterceptor.runTestStep(StepInterceptor.java:441)
	at net.thucydides.core.steps.StepInterceptor.runOrSkipMethod(StepInterceptor.java:197)
	at net.thucydides.core.steps.StepInterceptor.testStepResult(StepInterceptor.java:184)
	at net.thucydides.core.steps.StepInterceptor.intercept(StepInterceptor.java:77)
	at net.thucydides.core.steps.ProxyConfiguration$InterceptorDispatcher.intercept(ProxyConfiguration.java:51)
	at starter.search.DepoHomeStep$ByteBuddy$ADTlectX.theUserShouldBeLoggedIn(Unknown Source)
	at starter.stepdefinitions.HomePageStepDefinitions.user_should_be_logged_in(HomePageStepDefinitions.java:31)
	at ?.user should be logged in(file:///C:/Users/Ramana.Sadaneni/OneDrive%20-%20Royal%20Mail%20Group%20Ltd/Desktop/New%20folder%20(2)/Automation%20Framework/src/test/resources/features/search/Login.feature:8)
&amp#27;[0m
]]></system-out>
    <system-err><![CDATA[Jun 18, 2020 12:38:24 AM org.openqa.selenium.remote.DesiredCapabilities chrome
INFO: Using `new ChromeOptions()` is preferred to `DesiredCapabilities.chrome()`
Starting ChromeDriver 83.0.4103.39 (ccbf011cb2d2b19b506d844400483861342c20cd-refs/branch-heads/4103@{#416}) on port 14677
Only local connections are allowed.
Please see https://chromedriver.chromium.org/security-considerations for suggestions on keeping ChromeDriver safe.
ChromeDriver was started successfully.
Jun 18, 2020 12:38:30 AM org.openqa.selenium.remote.ProtocolHandshake createSession
INFO: Detected dialect: W3C
]]></system-err>
  </testcase>
  <testcase name="Verify user with invalid username and paswword tries to login is not able to login" classname="Login Depo Web" time="20.064"/>
  <testcase name="Verify user with invalid username and paswword tries to login is not able to login" classname="Login Depo Web" time="20.206"/>
  <testcase name="Verify user with invalid username and paswword tries to login is not able to login" classname="Login Depo Web" time="18.798">
    <failure message="expected:&lt;[Invalid username or password. Please try again]&gt; but was:&lt;[An unknown error has occurred]&gt;" type="org.junit.ComparisonFailure"><![CDATA[org.junit.ComparisonFailure: expected:<[Invalid username or password. Please try again]> but was:<[An unknown error has occurred]>
]]></failure>
    <system-out><![CDATA[
@InvalidUsrpwd
Scenario Outline: Verify user with invalid username and paswword tries to login is not able to login &amp#27;[90m# src/test/resources/features/search/Login.feature:46&amp#27;[0m
Feature from file:///C:/Users/Ramana.Sadaneni/OneDrive%20-%20Royal%20Mail%20Group%20Ltd/Desktop/New%20folder%20(2)/Automation%20Framework/src/test/resources/features/search/Login.feature
00:39:29.348 [pool-1-thread-1] INFO  n.s.c.w.d.ProvideNewDriver - Instantiating driver
00:39:29.348 [pool-1-thread-1] INFO  n.s.c.w.d.ProvideNewDriver - Driver capabilities: Capabilities {acceptInsecureCerts: false, browserName: chrome, chrome.switches: --start-maximized;--test-ty..., goog:chromeOptions: {args: [--start-maximized, --test-type, --no-sandbox, --ignore-certificate-errors;\n, --disable-popup-blocking, --disable-default-apps, --disable-extensions-file-a..., --incognito, --disable-infobars, --disable-gpu], extensions: []}, loggingPrefs: org.openqa.selenium.logging..., platform: ANY, version: }
  &amp#27;[32mGiven &amp#27;[0m&amp#27;[32mthe user launches Depo website&amp#27;[0m                                                               &amp#27;[90m# starter.stepdefinitions.HomePageStepDefinitions.userLaunchesDepoWebsite()&amp#27;[0m
  &amp#27;[32mWhen &amp#27;[0m&amp#27;[32mthe user clicks on login from home page&amp#27;[0m                                                       &amp#27;[90m# starter.stepdefinitions.HomePageStepDefinitions.theUserClicksOnLoginFromHomePage()&amp#27;[0m
  &amp#27;[32mWhen &amp#27;[0m&amp#27;[32muser enters with "&amp#27;[0m&amp#27;[32m&amp#27;[1mRamana.qa&amp#27;[0m&amp#27;[32m" and "&amp#27;[0m&amp#27;[32m&amp#27;[1mLondon$242&amp#27;[0m&amp#27;[32m"&amp#27;[0m                                                 &amp#27;[90m# starter.stepdefinitions.LoginStepDefinitions.user_enters_with_and(java.lang.String,java.lang.String)&amp#27;[0m
  &amp#27;[31mThen &amp#27;[0m&amp#27;[31muser should not be logged in&amp#27;[0m                                                                  &amp#27;[90m# starter.stepdefinitions.LoginStepDefinitions.theUserShouldNotBeLoggedIn()&amp#27;[0m
      &amp#27;[31morg.junit.ComparisonFailure: expected:<[Invalid username or password. Please try again]> but was:<[An unknown error has occurred]>
	at org.junit.Assert.assertEquals(Assert.java:115)
	at org.junit.Assert.assertEquals(Assert.java:144)
	at starter.navigation.LoginPage.validateErrorMessageForInvalidUserNameAndPwd(LoginPage.java:42)
	at starter.search.LoginStep.userShouldSeeTheErrorMessage(LoginStep.java:19)
	at starter.search.LoginStep$ByteBuddy$P6KQydql.userShouldSeeTheErrorMessage$accessor$Gk4pjBsF(Unknown Source)
	at sun.reflect.NativeMethodAccessorImpl.invoke0(Native Method)
	at sun.reflect.NativeMethodAccessorImpl.invoke(NativeMethodAccessorImpl.java:62)
	at sun.reflect.DelegatingMethodAccessorImpl.invoke(DelegatingMethodAccessorImpl.java:43)
	at java.lang.reflect.Method.invoke(Method.java:498)
	at net.thucydides.core.steps.StepInterceptor.invokeMethod(StepInterceptor.java:488)
	at net.thucydides.core.steps.StepInterceptor.executeTestStepMethod(StepInterceptor.java:468)
	at net.thucydides.core.steps.StepInterceptor.runTestStep(StepInterceptor.java:441)
	at net.thucydides.core.steps.StepInterceptor.runOrSkipMethod(StepInterceptor.java:197)
	at net.thucydides.core.steps.StepInterceptor.testStepResult(StepInterceptor.java:184)
	at net.thucydides.core.steps.StepInterceptor.intercept(StepInterceptor.java:77)
	at net.thucydides.core.steps.ProxyConfiguration$InterceptorDispatcher.intercept(ProxyConfiguration.java:51)
	at starter.search.LoginStep$ByteBuddy$P6KQydql.userShouldSeeTheErrorMessage(Unknown Source)
	at starter.stepdefinitions.LoginStepDefinitions.theUserShouldNotBeLoggedIn(LoginStepDefinitions.java:27)
	at ?.user should not be logged in(file:///C:/Users/Ramana.Sadaneni/OneDrive%20-%20Royal%20Mail%20Group%20Ltd/Desktop/New%20folder%20(2)/Automation%20Framework/src/test/resources/features/search/Login.feature:42)
&amp#27;[0m
]]></system-out>
    <system-err><![CDATA[Jun 18, 2020 12:39:29 AM org.openqa.selenium.remote.DesiredCapabilities chrome
INFO: Using `new ChromeOptions()` is preferred to `DesiredCapabilities.chrome()`
Starting ChromeDriver 83.0.4103.39 (ccbf011cb2d2b19b506d844400483861342c20cd-refs/branch-heads/4103@{#416}) on port 6309
Only local connections are allowed.
Please see https://chromedriver.chromium.org/security-considerations for suggestions on keeping ChromeDriver safe.
ChromeDriver was started successfully.
Jun 18, 2020 12:39:34 AM org.openqa.selenium.remote.ProtocolHandshake createSession
INFO: Detected dialect: W3C
]]></system-err>
  </testcase>
</testsuite>